Build started 20/06/2013 11:32:08.
     1>Project "C:\Users\luca.parisi2\Desktop\RO_Duale\RO_Duale\RO_Duale\RO_Duale.vcxproj" on node 2 (build target(s)).
     1>InitializeBuildStatus:
         Creating "Debug\RO_Duale.unsuccessfulbuild" because "AlwaysCreate" was specified.
       ClCompile:
         All outputs are up-to-date.
         c:\Program Files\Microsoft Visual Studio 10.0\VC\bin\CL.exe /c /ZI /nologo /W3 /WX- /Od /Oy- /D WIN32 /D _DEBUG /D _CONSOLE /D _UNICODE /D UNICODE /Gm /EHsc /RTC1 /MDd /GS /fp:precise /Zc:wchar_t /Zc:forScope /Yu"StdAfx.h" /Fp"Debug\RO_Duale.pch" /Fo"Debug\\" /Fd"Debug\vc100.pdb" /Gd /TP /analyze- /errorReport:prompt RO_Duale.cpp
         RO_Duale.cpp
     1>c:\users\luca.parisi2\desktop\ro_duale\ro_duale\ro_duale\ro_duale.cpp(77): warning C4996: 'scanf': This function or variable may be unsafe. Consider using scanf_s instead. To disable deprecation, use _CRT_SECURE_NO_WARNINGS. See online help for details.
                 c:\program files\microsoft visual studio 10.0\vc\include\stdio.h(304) : see declaration of 'scanf'
     1>c:\users\luca.parisi2\desktop\ro_duale\ro_duale\ro_duale\ro_duale.cpp(91): warning C4996: 'scanf': This function or variable may be unsafe. Consider using scanf_s instead. To disable deprecation, use _CRT_SECURE_NO_WARNINGS. See online help for details.
                 c:\program files\microsoft visual studio 10.0\vc\include\stdio.h(304) : see declaration of 'scanf'
     1>c:\users\luca.parisi2\desktop\ro_duale\ro_duale\ro_duale\ro_duale.cpp(96): warning C4996: 'fopen': This function or variable may be unsafe. Consider using fopen_s instead. To disable deprecation, use _CRT_SECURE_NO_WARNINGS. See online help for details.
                 c:\program files\microsoft visual studio 10.0\vc\include\stdio.h(234) : see declaration of 'fopen'
     1>c:\users\luca.parisi2\desktop\ro_duale\ro_duale\ro_duale\ro_duale.cpp(101): warning C4996: 'strerror': This function or variable may be unsafe. Consider using strerror_s instead. To disable deprecation, use _CRT_SECURE_NO_WARNINGS. See online help for details.
                 c:\program files\microsoft visual studio 10.0\vc\include\string.h(157) : see declaration of 'strerror'
     1>c:\users\luca.parisi2\desktop\ro_duale\ro_duale\ro_duale\ro_duale.cpp(109): warning C4996: 'fscanf': This function or variable may be unsafe. Consider using fscanf_s instead. To disable deprecation, use _CRT_SECURE_NO_WARNINGS. See online help for details.
                 c:\program files\microsoft visual studio 10.0\vc\include\stdio.h(253) : see declaration of 'fscanf'
     1>c:\users\luca.parisi2\desktop\ro_duale\ro_duale\ro_duale\ro_duale.cpp(118): warning C4996: 'fscanf': This function or variable may be unsafe. Consider using fscanf_s instead. To disable deprecation, use _CRT_SECURE_NO_WARNINGS. See online help for details.
                 c:\program files\microsoft visual studio 10.0\vc\include\stdio.h(253) : see declaration of 'fscanf'
     1>c:\users\luca.parisi2\desktop\ro_duale\ro_duale\ro_duale\ro_duale.cpp(125): warning C4996: 'fscanf': This function or variable may be unsafe. Consider using fscanf_s instead. To disable deprecation, use _CRT_SECURE_NO_WARNINGS. See online help for details.
                 c:\program files\microsoft visual studio 10.0\vc\include\stdio.h(253) : see declaration of 'fscanf'
     1>c:\users\luca.parisi2\desktop\ro_duale\ro_duale\ro_duale\ro_duale.cpp(138): warning C4996: 'fscanf': This function or variable may be unsafe. Consider using fscanf_s instead. To disable deprecation, use _CRT_SECURE_NO_WARNINGS. See online help for details.
                 c:\program files\microsoft visual studio 10.0\vc\include\stdio.h(253) : see declaration of 'fscanf'
     1>c:\users\luca.parisi2\desktop\ro_duale\ro_duale\ro_duale\ro_duale.cpp(145): warning C4996: 'fscanf': This function or variable may be unsafe. Consider using fscanf_s instead. To disable deprecation, use _CRT_SECURE_NO_WARNINGS. See online help for details.
                 c:\program files\microsoft visual studio 10.0\vc\include\stdio.h(253) : see declaration of 'fscanf'
     1>c:\users\luca.parisi2\desktop\ro_duale\ro_duale\ro_duale\ro_duale.cpp(152): warning C4996: 'fscanf': This function or variable may be unsafe. Consider using fscanf_s instead. To disable deprecation, use _CRT_SECURE_NO_WARNINGS. See online help for details.
                 c:\program files\microsoft visual studio 10.0\vc\include\stdio.h(253) : see declaration of 'fscanf'
     1>c:\users\luca.parisi2\desktop\ro_duale\ro_duale\ro_duale\ro_duale.cpp(154): warning C4996: 'fscanf': This function or variable may be unsafe. Consider using fscanf_s instead. To disable deprecation, use _CRT_SECURE_NO_WARNINGS. See online help for details.
                 c:\program files\microsoft visual studio 10.0\vc\include\stdio.h(253) : see declaration of 'fscanf'
     1>c:\users\luca.parisi2\desktop\ro_duale\ro_duale\ro_duale\ro_duale.cpp(472): warning C4996: 'fopen': This function or variable may be unsafe. Consider using fopen_s instead. To disable deprecation, use _CRT_SECURE_NO_WARNINGS. See online help for details.
                 c:\program files\microsoft visual studio 10.0\vc\include\stdio.h(234) : see declaration of 'fopen'
       ManifestResourceCompile:
         All outputs are up-to-date.
       Link:
         c:\Program Files\Microsoft Visual Studio 10.0\VC\bin\link.exe /ERRORREPORT:PROMPT /OUT:"C:\Users\luca.parisi2\Desktop\RO_Duale\RO_Duale\Debug\RO_Duale.exe" /INCREMENTAL /NOLOGO kernel32.lib user32.lib gdi32.lib winspool.lib comdlg32.lib advapi32.lib shell32.lib ole32.lib oleaut32.lib uuid.lib odbc32.lib odbccp32.lib /MANIFEST /ManifestFile:"Debug\RO_Duale.exe.intermediate.manifest" /MANIFESTUAC:"level='asInvoker' uiAccess='false'" /DEBUG /PDB:"C:\Users\luca.parisi2\Desktop\RO_Duale\RO_Duale\Debug\RO_Duale.pdb" /SUBSYSTEM:CONSOLE /TLBID:1 /DYNAMICBASE /NXCOMPAT /IMPLIB:"C:\Users\luca.parisi2\Desktop\RO_Duale\RO_Duale\Debug\RO_Duale.lib" /MACHINE:X86 Debug\RO_Duale.exe.embed.manifest.res
         Debug\RO_Duale.obj
         Debug\stdafx.obj
       Manifest:
         C:\Program Files\Microsoft SDKs\Windows\v7.0A\bin\mt.exe /nologo /verbose /out:"Debug\RO_Duale.exe.embed.manifest" /manifest Debug\RO_Duale.exe.intermediate.manifest
         All outputs are up-to-date.
       LinkEmbedManifest:
         All outputs are up-to-date.
         RO_Duale.vcxproj -> C:\Users\luca.parisi2\Desktop\RO_Duale\RO_Duale\Debug\RO_Duale.exe
       FinalizeBuildStatus:
         Deleting file "Debug\RO_Duale.unsuccessfulbuild".
         Touching "Debug\RO_Duale.lastbuildstate".
     1>Done Building Project "C:\Users\luca.parisi2\Desktop\RO_Duale\RO_Duale\RO_Duale\RO_Duale.vcxproj" (build target(s)).

Build succeeded.

Time Elapsed 00:00:01.42
