Build started 20/06/2013 12:16:44.
     1>Project "C:\Users\luca.parisi2\Desktop\Ungherese\Ungherese\Ungherese\Ungherese.vcxproj" on node 2 (build target(s)).
     1>InitializeBuildStatus:
         Creating "Debug\Ungherese.unsuccessfulbuild" because "AlwaysCreate" was specified.
       ClCompile:
         All outputs are up-to-date.
         c:\Program Files\Microsoft Visual Studio 10.0\VC\bin\CL.exe /c /ZI /nologo /W3 /WX- /Od /Oy- /D WIN32 /D _DEBUG /D _CONSOLE /D _UNICODE /D UNICODE /Gm /EHsc /RTC1 /MDd /GS /fp:precise /Zc:wchar_t /Zc:forScope /Yu"StdAfx.h" /Fp"Debug\Ungherese.pch" /Fo"Debug\\" /Fd"Debug\vc100.pdb" /Gd /TP /analyze- /errorReport:prompt Ungherese.cpp
         Ungherese.cpp
     1>c:\users\luca.parisi2\desktop\ungherese\ungherese\ungherese\ungherese.cpp(570): warning C4996: 'fopen': This function or variable may be unsafe. Consider using fopen_s instead. To disable deprecation, use _CRT_SECURE_NO_WARNINGS. See online help for details.
                 c:\program files\microsoft visual studio 10.0\vc\include\stdio.h(234) : see declaration of 'fopen'
     1>c:\users\luca.parisi2\desktop\ungherese\ungherese\ungherese\ungherese.cpp(660): warning C4996: 'scanf': This function or variable may be unsafe. Consider using scanf_s instead. To disable deprecation, use _CRT_SECURE_NO_WARNINGS. See online help for details.
                 c:\program files\microsoft visual studio 10.0\vc\include\stdio.h(304) : see declaration of 'scanf'
     1>c:\users\luca.parisi2\desktop\ungherese\ungherese\ungherese\ungherese.cpp(674): warning C4996: 'scanf': This function or variable may be unsafe. Consider using scanf_s instead. To disable deprecation, use _CRT_SECURE_NO_WARNINGS. See online help for details.
                 c:\program files\microsoft visual studio 10.0\vc\include\stdio.h(304) : see declaration of 'scanf'
     1>c:\users\luca.parisi2\desktop\ungherese\ungherese\ungherese\ungherese.cpp(679): warning C4996: 'fopen': This function or variable may be unsafe. Consider using fopen_s instead. To disable deprecation, use _CRT_SECURE_NO_WARNINGS. See online help for details.
                 c:\program files\microsoft visual studio 10.0\vc\include\stdio.h(234) : see declaration of 'fopen'
     1>c:\users\luca.parisi2\desktop\ungherese\ungherese\ungherese\ungherese.cpp(684): warning C4996: 'strerror': This function or variable may be unsafe. Consider using strerror_s instead. To disable deprecation, use _CRT_SECURE_NO_WARNINGS. See online help for details.
                 c:\program files\microsoft visual studio 10.0\vc\include\string.h(157) : see declaration of 'strerror'
     1>c:\users\luca.parisi2\desktop\ungherese\ungherese\ungherese\ungherese.cpp(691): warning C4996: 'fscanf': This function or variable may be unsafe. Consider using fscanf_s instead. To disable deprecation, use _CRT_SECURE_NO_WARNINGS. See online help for details.
                 c:\program files\microsoft visual studio 10.0\vc\include\stdio.h(253) : see declaration of 'fscanf'
     1>c:\users\luca.parisi2\desktop\ungherese\ungherese\ungherese\ungherese.cpp(699): warning C4996: 'fscanf': This function or variable may be unsafe. Consider using fscanf_s instead. To disable deprecation, use _CRT_SECURE_NO_WARNINGS. See online help for details.
                 c:\program files\microsoft visual studio 10.0\vc\include\stdio.h(253) : see declaration of 'fscanf'
     1>c:\users\luca.parisi2\desktop\ungherese\ungherese\ungherese\ungherese.cpp(706): warning C4996: 'fscanf': This function or variable may be unsafe. Consider using fscanf_s instead. To disable deprecation, use _CRT_SECURE_NO_WARNINGS. See online help for details.
                 c:\program files\microsoft visual studio 10.0\vc\include\stdio.h(253) : see declaration of 'fscanf'
     1>c:\users\luca.parisi2\desktop\ungherese\ungherese\ungherese\ungherese.cpp(715): warning C4996: 'fscanf': This function or variable may be unsafe. Consider using fscanf_s instead. To disable deprecation, use _CRT_SECURE_NO_WARNINGS. See online help for details.
                 c:\program files\microsoft visual studio 10.0\vc\include\stdio.h(253) : see declaration of 'fscanf'
     1>c:\users\luca.parisi2\desktop\ungherese\ungherese\ungherese\ungherese.cpp(730): warning C4996: 'scanf': This function or variable may be unsafe. Consider using scanf_s instead. To disable deprecation, use _CRT_SECURE_NO_WARNINGS. See online help for details.
                 c:\program files\microsoft visual studio 10.0\vc\include\stdio.h(304) : see declaration of 'scanf'
     1>c:\users\luca.parisi2\desktop\ungherese\ungherese\ungherese\ungherese.cpp(738): warning C4996: 'scanf': This function or variable may be unsafe. Consider using scanf_s instead. To disable deprecation, use _CRT_SECURE_NO_WARNINGS. See online help for details.
                 c:\program files\microsoft visual studio 10.0\vc\include\stdio.h(304) : see declaration of 'scanf'
     1>c:\users\luca.parisi2\desktop\ungherese\ungherese\ungherese\ungherese.cpp(747): warning C4996: 'scanf': This function or variable may be unsafe. Consider using scanf_s instead. To disable deprecation, use _CRT_SECURE_NO_WARNINGS. See online help for details.
                 c:\program files\microsoft visual studio 10.0\vc\include\stdio.h(304) : see declaration of 'scanf'
     1>c:\users\luca.parisi2\desktop\ungherese\ungherese\ungherese\ungherese.cpp(756): warning C4996: 'scanf': This function or variable may be unsafe. Consider using scanf_s instead. To disable deprecation, use _CRT_SECURE_NO_WARNINGS. See online help for details.
                 c:\program files\microsoft visual studio 10.0\vc\include\stdio.h(304) : see declaration of 'scanf'
     1>c:\users\luca.parisi2\desktop\ungherese\ungherese\ungherese\ungherese.cpp(765): warning C4996: 'scanf': This function or variable may be unsafe. Consider using scanf_s instead. To disable deprecation, use _CRT_SECURE_NO_WARNINGS. See online help for details.
                 c:\program files\microsoft visual studio 10.0\vc\include\stdio.h(304) : see declaration of 'scanf'
     1>c:\users\luca.parisi2\desktop\ungherese\ungherese\ungherese\ungherese.cpp(774): warning C4996: 'scanf': This function or variable may be unsafe. Consider using scanf_s instead. To disable deprecation, use _CRT_SECURE_NO_WARNINGS. See online help for details.
                 c:\program files\microsoft visual studio 10.0\vc\include\stdio.h(304) : see declaration of 'scanf'
     1>c:\users\luca.parisi2\desktop\ungherese\ungherese\ungherese\ungherese.cpp(783): warning C4996: 'scanf': This function or variable may be unsafe. Consider using scanf_s instead. To disable deprecation, use _CRT_SECURE_NO_WARNINGS. See online help for details.
                 c:\program files\microsoft visual studio 10.0\vc\include\stdio.h(304) : see declaration of 'scanf'
     1>c:\users\luca.parisi2\desktop\ungherese\ungherese\ungherese\ungherese.cpp(792): warning C4996: 'scanf': This function or variable may be unsafe. Consider using scanf_s instead. To disable deprecation, use _CRT_SECURE_NO_WARNINGS. See online help for details.
                 c:\program files\microsoft visual studio 10.0\vc\include\stdio.h(304) : see declaration of 'scanf'
     1>c:\users\luca.parisi2\desktop\ungherese\ungherese\ungherese\ungherese.cpp(801): warning C4244: 'argument' : conversion from 'time_t' to 'unsigned int', possible loss of data
     1>c:\users\luca.parisi2\desktop\ungherese\ungherese\ungherese\ungherese.cpp(880): warning C4996: 'scanf': This function or variable may be unsafe. Consider using scanf_s instead. To disable deprecation, use _CRT_SECURE_NO_WARNINGS. See online help for details.
                 c:\program files\microsoft visual studio 10.0\vc\include\stdio.h(304) : see declaration of 'scanf'
     1>c:\users\luca.parisi2\desktop\ungherese\ungherese\ungherese\ungherese.cpp(890): warning C4996: 'scanf': This function or variable may be unsafe. Consider using scanf_s instead. To disable deprecation, use _CRT_SECURE_NO_WARNINGS. See online help for details.
                 c:\program files\microsoft visual studio 10.0\vc\include\stdio.h(304) : see declaration of 'scanf'
     1>c:\users\luca.parisi2\desktop\ungherese\ungherese\ungherese\ungherese.cpp(923): warning C4996: 'scanf': This function or variable may be unsafe. Consider using scanf_s instead. To disable deprecation, use _CRT_SECURE_NO_WARNINGS. See online help for details.
                 c:\program files\microsoft visual studio 10.0\vc\include\stdio.h(304) : see declaration of 'scanf'
       ManifestResourceCompile:
         All outputs are up-to-date.
       Link:
         c:\Program Files\Microsoft Visual Studio 10.0\VC\bin\link.exe /ERRORREPORT:PROMPT /OUT:"C:\Users\luca.parisi2\Desktop\Ungherese\Ungherese\Debug\Ungherese.exe" /INCREMENTAL /NOLOGO kernel32.lib user32.lib gdi32.lib winspool.lib comdlg32.lib advapi32.lib shell32.lib ole32.lib oleaut32.lib uuid.lib odbc32.lib odbccp32.lib /MANIFEST /ManifestFile:"Debug\Ungherese.exe.intermediate.manifest" /MANIFESTUAC:"level='asInvoker' uiAccess='false'" /DEBUG /PDB:"C:\Users\luca.parisi2\Desktop\Ungherese\Ungherese\Debug\Ungherese.pdb" /SUBSYSTEM:CONSOLE /TLBID:1 /DYNAMICBASE /NXCOMPAT /IMPLIB:"C:\Users\luca.parisi2\Desktop\Ungherese\Ungherese\Debug\Ungherese.lib" /MACHINE:X86 Debug\Ungherese.exe.embed.manifest.res
         Debug\stdafx.obj
         Debug\Ungherese.obj
       Manifest:
         C:\Program Files\Microsoft SDKs\Windows\v7.0A\bin\mt.exe /nologo /verbose /out:"Debug\Ungherese.exe.embed.manifest" /manifest Debug\Ungherese.exe.intermediate.manifest
         All outputs are up-to-date.
       LinkEmbedManifest:
         All outputs are up-to-date.
         Ungherese.vcxproj -> C:\Users\luca.parisi2\Desktop\Ungherese\Ungherese\Debug\Ungherese.exe
       FinalizeBuildStatus:
         Deleting file "Debug\Ungherese.unsuccessfulbuild".
         Touching "Debug\Ungherese.lastbuildstate".
     1>Done Building Project "C:\Users\luca.parisi2\Desktop\Ungherese\Ungherese\Ungherese\Ungherese.vcxproj" (build target(s)).

Build succeeded.

Time Elapsed 00:00:02.11
